/Users/sakuramaezono/.matplotlib is not a writable directory
Matplotlib created a temporary cache directory at /var/folders/r4/pjgb1k_x7fv9xgcb_dg70bnm0000gn/T/matplotlib-rkb6l_ew because there was an issue with the default path (/Users/sakuramaezono/.matplotlib); it is highly recommended to set the MPLCONFIGDIR environment variable to a writable directory, in particular to speed up the import of Matplotlib and to better support multiprocessing.
Matplotlib is building the font cache; this may take a moment.
Traceback (most recent call last):
  File "/Users/sakuramaezono/venvs/metabConnectomeDB/lib/python3.12/site-packages/urllib3/connectionpool.py", line 774, in urlopen
    self._prepare_proxy(conn)
  File "/Users/sakuramaezono/venvs/metabConnectomeDB/lib/python3.12/site-packages/urllib3/connectionpool.py", line 1055, in _prepare_proxy
    conn.connect()
  File "/Users/sakuramaezono/venvs/metabConnectomeDB/lib/python3.12/site-packages/urllib3/connection.py", line 776, in connect
    self._tunnel()
  File "/Users/sakuramaezono/miniconda3/lib/python3.12/http/client.py", line 981, in _tunnel
    raise OSError(f"Tunnel connection failed: {code} {message.strip()}")
OSError: Tunnel connection failed: 403 Forbidden

The above exception was the direct cause of the following exception:

urllib3.exceptions.ProxyError: ('Unable to connect to proxy', OSError('Tunnel connection failed: 403 Forbidden'))

The above exception was the direct cause of the following exception:

Traceback (most recent call last):
  File "/Users/sakuramaezono/venvs/metabConnectomeDB/lib/python3.12/site-packages/requests/adapters.py", line 696, in send
    resp = conn.urlopen(
           ^^^^^^^^^^^^^
  File "/Users/sakuramaezono/venvs/metabConnectomeDB/lib/python3.12/site-packages/urllib3/connectionpool.py", line 842, in urlopen
    retries = retries.increment(
              ^^^^^^^^^^^^^^^^^^
  File "/Users/sakuramaezono/venvs/metabConnectomeDB/lib/python3.12/site-packages/urllib3/util/retry.py", line 543, in increment
    raise MaxRetryError(_pool, url, reason) from reason  # type: ignore[arg-type]
    ^^^^^^^^^^^^^^^^^^^^^^^^^^^^^^^^^^^^^^^^^^^^^^^^^^^
urllib3.exceptions.MaxRetryError: HTTPSConnectionPool(host='census.cellxgene.cziscience.com', port=443): Max retries exceeded with url: /cellxgene-census/v1/mirrors.json (Caused by ProxyError('Unable to connect to proxy', OSError('Tunnel connection failed: 403 Forbidden')))

During handling of the above exception, another exception occurred:

Traceback (most recent call last):
  File "/Users/sakuramaezono/Library/CloudStorage/OneDrive-YokohamaCityUniversity/Personal/05_Python_repositories/metabConnectomeDB/scripts/run_cancer_pipeline.py", line 388, in execute_and_export
    exec(code, global_dict)
  File "<string>", line 3, in <module>
  File "/Users/sakuramaezono/venvs/metabConnectomeDB/lib/python3.12/site-packages/cellxgene_census/_open.py", line 227, in open_soma
    mirrors = _get_census_mirrors()
              ^^^^^^^^^^^^^^^^^^^^^
  File "/Users/sakuramaezono/venvs/metabConnectomeDB/lib/python3.12/site-packages/cellxgene_census/_release_directory.py", line 435, in _get_census_mirrors
    response = requests.get(CELL_CENSUS_MIRRORS_DIRECTORY_URL, headers={"User-Agent": _user_agent()})
               ^^^^^^^^^^^^^^^^^^^^^^^^^^^^^^^^^^^^^^^^^^^^^^^^^^^^^^^^^^^^^^^^^^^^^^^^^^^^^^^^^^^^^^
  File "/Users/sakuramaezono/venvs/metabConnectomeDB/lib/python3.12/site-packages/requests/api.py", line 87, in get
    return request("get", url, params=params, **kwargs)
           ^^^^^^^^^^^^^^^^^^^^^^^^^^^^^^^^^^^^^^^^^^^^
  File "/Users/sakuramaezono/venvs/metabConnectomeDB/lib/python3.12/site-packages/requests/api.py", line 71, in request
    return session.request(method=method, url=url, **kwargs)
           ^^^^^^^^^^^^^^^^^^^^^^^^^^^^^^^^^^^^^^^^^^^^^^^^^
  File "/Users/sakuramaezono/venvs/metabConnectomeDB/lib/python3.12/site-packages/requests/sessions.py", line 651, in request
    resp = self.send(prep, **send_kwargs)
           ^^^^^^^^^^^^^^^^^^^^^^^^^^^^^^
  File "/Users/sakuramaezono/venvs/metabConnectomeDB/lib/python3.12/site-packages/requests/sessions.py", line 784, in send
    r = adapter.send(request, **kwargs)
        ^^^^^^^^^^^^^^^^^^^^^^^^^^^^^^^
  File "/Users/sakuramaezono/venvs/metabConnectomeDB/lib/python3.12/site-packages/requests/adapters.py", line 723, in send
    raise ProxyError(e, request=request)
requests.exceptions.ProxyError: HTTPSConnectionPool(host='census.cellxgene.cziscience.com', port=443): Max retries exceeded with url: /cellxgene-census/v1/mirrors.json (Caused by ProxyError('Unable to connect to proxy', OSError('Tunnel connection failed: 403 Forbidden')))
Initializing pipeline run for Disease: ['breast cancer'] | Tissue: ['breast', 'mammary gland', 'liver', 'axilla', 'chest wall'] | Primary: ['breast', 'mammary gland']
🚀 Running execution and report generation for cancer_cellxgene_integration.ipynb...
❌ Error executing cell 1: HTTPSConnectionPool(host='census.cellxgene.cziscience.com', port=443): Max retries exceeded with url: /cellxgene-census/v1/mirrors.json (Caused by ProxyError('Unable to connect to proxy', OSError('Tunnel connection failed: 403 Forbidden')))
Traceback (most recent call last):
  File "/Users/sakuramaezono/venvs/metabConnectomeDB/lib/python3.12/site-packages/urllib3/connectionpool.py", line 774, in urlopen
    self._prepare_proxy(conn)
  File "/Users/sakuramaezono/venvs/metabConnectomeDB/lib/python3.12/site-packages/urllib3/connectionpool.py", line 1055, in _prepare_proxy
    conn.connect()
  File "/Users/sakuramaezono/venvs/metabConnectomeDB/lib/python3.12/site-packages/urllib3/connection.py", line 776, in connect
    self._tunnel()
  File "/Users/sakuramaezono/miniconda3/lib/python3.12/http/client.py", line 981, in _tunnel
    raise OSError(f"Tunnel connection failed: {code} {message.strip()}")
OSError: Tunnel connection failed: 403 Forbidden

The above exception was the direct cause of the following exception:

urllib3.exceptions.ProxyError: ('Unable to connect to proxy', OSError('Tunnel connection failed: 403 Forbidden'))

The above exception was the direct cause of the following exception:

Traceback (most recent call last):
  File "/Users/sakuramaezono/venvs/metabConnectomeDB/lib/python3.12/site-packages/requests/adapters.py", line 696, in send
    resp = conn.urlopen(
           ^^^^^^^^^^^^^
  File "/Users/sakuramaezono/venvs/metabConnectomeDB/lib/python3.12/site-packages/urllib3/connectionpool.py", line 842, in urlopen
    retries = retries.increment(
              ^^^^^^^^^^^^^^^^^^
  File "/Users/sakuramaezono/venvs/metabConnectomeDB/lib/python3.12/site-packages/urllib3/util/retry.py", line 543, in increment
    raise MaxRetryError(_pool, url, reason) from reason  # type: ignore[arg-type]
    ^^^^^^^^^^^^^^^^^^^^^^^^^^^^^^^^^^^^^^^^^^^^^^^^^^^
urllib3.exceptions.MaxRetryError: HTTPSConnectionPool(host='census.cellxgene.cziscience.com', port=443): Max retries exceeded with url: /cellxgene-census/v1/mirrors.json (Caused by ProxyError('Unable to connect to proxy', OSError('Tunnel connection failed: 403 Forbidden')))

During handling of the above exception, another exception occurred:

Traceback (most recent call last):
  File "/Users/sakuramaezono/Library/CloudStorage/OneDrive-YokohamaCityUniversity/Personal/05_Python_repositories/metabConnectomeDB/scripts/run_cancer_pipeline.py", line 520, in <module>
    generated_h5ad = execute_and_export(cellxgene_nb, cellxgene_html, f"CellxGene Integration: {disease_filter_str}", inject_globals)
                     ^^^^^^^^^^^^^^^^^^^^^^^^^^^^^^^^^^^^^^^^^^^^^^^^^^^^^^^^^^^^^^^^^^^^^^^^^^^^^^^^^^^^^^^^^^^^^^^^^^^^^^^^^^^^^^^^
  File "/Users/sakuramaezono/Library/CloudStorage/OneDrive-YokohamaCityUniversity/Personal/05_Python_repositories/metabConnectomeDB/scripts/run_cancer_pipeline.py", line 436, in execute_and_export
    raise e
  File "/Users/sakuramaezono/Library/CloudStorage/OneDrive-YokohamaCityUniversity/Personal/05_Python_repositories/metabConnectomeDB/scripts/run_cancer_pipeline.py", line 388, in execute_and_export
    exec(code, global_dict)
  File "<string>", line 3, in <module>
  File "/Users/sakuramaezono/venvs/metabConnectomeDB/lib/python3.12/site-packages/cellxgene_census/_open.py", line 227, in open_soma
    mirrors = _get_census_mirrors()
              ^^^^^^^^^^^^^^^^^^^^^
  File "/Users/sakuramaezono/venvs/metabConnectomeDB/lib/python3.12/site-packages/cellxgene_census/_release_directory.py", line 435, in _get_census_mirrors
    response = requests.get(CELL_CENSUS_MIRRORS_DIRECTORY_URL, headers={"User-Agent": _user_agent()})
               ^^^^^^^^^^^^^^^^^^^^^^^^^^^^^^^^^^^^^^^^^^^^^^^^^^^^^^^^^^^^^^^^^^^^^^^^^^^^^^^^^^^^^^
  File "/Users/sakuramaezono/venvs/metabConnectomeDB/lib/python3.12/site-packages/requests/api.py", line 87, in get
    return request("get", url, params=params, **kwargs)
           ^^^^^^^^^^^^^^^^^^^^^^^^^^^^^^^^^^^^^^^^^^^^
  File "/Users/sakuramaezono/venvs/metabConnectomeDB/lib/python3.12/site-packages/requests/api.py", line 71, in request
    return session.request(method=method, url=url, **kwargs)
           ^^^^^^^^^^^^^^^^^^^^^^^^^^^^^^^^^^^^^^^^^^^^^^^^^
  File "/Users/sakuramaezono/venvs/metabConnectomeDB/lib/python3.12/site-packages/requests/sessions.py", line 651, in request
    resp = self.send(prep, **send_kwargs)
           ^^^^^^^^^^^^^^^^^^^^^^^^^^^^^^
  File "/Users/sakuramaezono/venvs/metabConnectomeDB/lib/python3.12/site-packages/requests/sessions.py", line 784, in send
    r = adapter.send(request, **kwargs)
        ^^^^^^^^^^^^^^^^^^^^^^^^^^^^^^^
  File "/Users/sakuramaezono/venvs/metabConnectomeDB/lib/python3.12/site-packages/requests/adapters.py", line 723, in send
    raise ProxyError(e, request=request)
requests.exceptions.ProxyError: HTTPSConnectionPool(host='census.cellxgene.cziscience.com', port=443): Max retries exceeded with url: /cellxgene-census/v1/mirrors.json (Caused by ProxyError('Unable to connect to proxy', OSError('Tunnel connection failed: 403 Forbidden')))
