================================================================================
🧪 Starting Rhea + UniProt Enzyme Product/Substrate Enrichment Pipeline...
================================================================================

📊 Step 0: Scanning all target-pair files for unique identifiers...
  Found 487 unique HMDB IDs and 4035 unique targets across 8 files.

🔗 Step 1: Building HMDB → ChEBI mapping via BridgeDb...
  -> All 487 HMDB IDs already cached in ChEBI mapping.

🧬 Step 2: Fetching UniProt catalytic activities...
  1756/4035 targets have UniProt accessions cached.
  -> All 1756 symbols already cached in catalytic activity cache.

⚗️ Step 3: Resolving Rhea reaction directionality...
  Found 903 unique Rhea reaction IDs to resolve.
  Resolving directionality for 903 Rhea reactions via SPARQL...
    [1-50/903] Querying batch...
    [51-100/903] Querying batch...
    [101-150/903] Querying batch...
    [151-200/903] Querying batch...
    [201-250/903] Querying batch...
    [251-300/903] Querying batch...
    [301-350/903] Querying batch...
    [351-400/903] Querying batch...
    [401-450/903] Querying batch...
    [451-500/903] Querying batch...
    [501-550/903] Querying batch...
    [551-600/903] Querying batch...
    [601-650/903] Querying batch...
    [651-700/903] Querying batch...
    [701-750/903] Querying batch...
    [751-800/903] Querying batch...
    [801-850/903] Querying batch...
    [851-900/903] Querying batch...
    [901-903/903] Querying batch...
  -> Rhea direction cache complete: 901/903 reactions have substrate/product data.

🎯 Step 4: Applying Rhea enzyme product/substrate annotations...

  Processing: 'human_database_merge_unique_metab_target_pairs.csv' (Homo sapiens)...
    -> Rhea annotations: 29/8373 pairs (0.35%)

  Processing: 'human_database_merge_unique_metab_target_pairs_with_HMDB_Info.csv' (Homo sapiens)...
    -> Rhea annotations: 54/9079 pairs (0.59%)

  Processing: 'mouse_database_merge_unique_metab_target_pairs.csv' (Mus musculus)...
    -> Rhea annotations: 29/8336 pairs (0.35%)

  Processing: 'mouse_database_merge_unique_metab_target_pairs_with_HMDB_Info.csv' (Mus musculus)...
    -> Rhea annotations: 53/9150 pairs (0.58%)

  Processing: 'human_database_merge_unique_metab_target_pairs.csv' (Homo sapiens)...
    -> Rhea annotations: 29/8534 pairs (0.34%)

  Processing: 'human_database_merge_unique_metab_target_pairs_with_HMDB_Info.csv' (Homo sapiens)...
    -> Rhea annotations: 54/8596 pairs (0.63%)

  Processing: 'mouse_database_merge_unique_metab_target_pairs.csv' (Mus musculus)...
    -> Rhea annotations: 0/8491 pairs (0.00%)

  Processing: 'mouse_database_merge_unique_metab_target_pairs_with_HMDB_Info.csv' (Mus musculus)...
    -> Rhea annotations: 0/8550 pairs (0.00%)

================================================================================
🎉 Rhea enrichment pipeline complete!
================================================================================
